  compilation header save succeeded; see C:\Users\shackletonj150\Local\SUPER-ACTION-MAN-POWER-GUY\DirectX_Game_Engine\DirectX_Game_Engine\FramebufferPS.shh
  compilation header save succeeded; see C:\Users\shackletonj150\Local\SUPER-ACTION-MAN-POWER-GUY\DirectX_Game_Engine\DirectX_Game_Engine\FramebufferVS.shh
  DXErr.cpp
  Game.cpp
  Gui.cpp
  Graphics.cpp
  Image.cpp
  Keyboard.cpp
  EntryPoint.cpp
  MainWindow.cpp
  Mouse.cpp
  Sound.cpp
C:\Users\shackletonj150\Local\SUPER-ACTION-MAN-POWER-GUY\DirectX_Game_Engine\DirectX_Game_Engine\Image.cpp(22,56): warning C4244: 'initializing': conversion from 'LONG' to 'uint16_t', possible loss of data
C:\Users\shackletonj150\Local\SUPER-ACTION-MAN-POWER-GUY\DirectX_Game_Engine\DirectX_Game_Engine\Image.cpp(100,56): warning C4244: 'initializing': conversion from 'LONG' to 'uint16_t', possible loss of data
  RGB_Data.cpp
C:\Users\shackletonj150\Local\SUPER-ACTION-MAN-POWER-GUY\DirectX_Game_Engine\DirectX_Game_Engine\RGB_Data.cpp(18,26): warning C4018: '<': signed/unsigned mismatch
C:\Users\shackletonj150\Local\SUPER-ACTION-MAN-POWER-GUY\DirectX_Game_Engine\DirectX_Game_Engine\RGB_Data.cpp(29,27): warning C4018: '<': signed/unsigned mismatch
  Enemy.cpp
C:\Users\shackletonj150\Local\SUPER-ACTION-MAN-POWER-GUY\DirectX_Game_Engine\DirectX_Game_Engine\Game.cpp(197,101): warning C4267: 'argument': conversion from 'size_t' to 'uint8_t', possible loss of data
C:\Users\shackletonj150\Local\SUPER-ACTION-MAN-POWER-GUY\DirectX_Game_Engine\DirectX_Game_Engine\Game.cpp(201,101): warning C4267: 'argument': conversion from 'size_t' to 'uint8_t', possible loss of data
  Sprite.cpp
  DirectX_Game_Engine.vcxproj -> C:\Users\shackletonj150\Local\SUPER-ACTION-MAN-POWER-GUY\DirectX_Game_Engine\Debug\DirectX_Game_Engine.exe
